<?xml version="1.0" encoding="UTF-8"?>
<!-- Generated by org.testng.reporters.JUnitReportReporter -->
<testsuite skipped="0" hostname="DESKTOP-GG732O0" name="com.rbs.CucumberTestNGRunners.TestRunner" tests="1" failures="0" timestamp="22 Jan 2018 17:25:02 GMT" time="53.371" errors="0">
  <testcase name="feature" time="53.371" classname="com.rbs.CucumberTestNGRunners.TestRunner"/>
</testsuite> <!-- com.rbs.CucumberTestNGRunners.TestRunner -->
