<?xml version="1.0" encoding="UTF-8"?>
<!-- Generated by org.testng.reporters.JUnitReportReporter -->
<testsuite skipped="0" hostname="DESKTOP-GG732O0" name="com.rbs.CucumberTestNG.PurchaseOrderRunner" tests="1" failures="0" timestamp="21 Jan 2018 16:23:03 GMT" time="0.050" errors="0">
  <testcase name="feature" time="0.050" classname="com.rbs.CucumberTestNG.PurchaseOrderRunner"/>
</testsuite> <!-- com.rbs.CucumberTestNG.PurchaseOrderRunner -->
